<?xml version="1.0" encoding="UTF-8"?>
<testng-results skipped="0" failed="0" ignored="0" total="1" passed="1">
  <reporter-output>
  </reporter-output>
  <suite name="Surefire suite" duration-ms="65" started-at="2022-09-05T14:25:46 IST" finished-at="2022-09-05T14:25:46 IST">
    <groups>
    </groups>
    <test name="Surefire test" duration-ms="65" started-at="2022-09-05T14:25:46 IST" finished-at="2022-09-05T14:25:46 IST">
      <class name="maven.part.two.twoTest">
        <test-method status="PASS" signature="testTwo()[pri:0, instance:maven.part.two.twoTest@5a8e6209]" name="testTwo" duration-ms="10" started-at="2022-09-05T14:25:46 IST" finished-at="2022-09-05T14:25:46 IST">
          <reporter-output>
          </reporter-output>
        </test-method> <!-- testTwo -->
      </class> <!-- maven.part.two.twoTest -->
    </test> <!-- Surefire test -->
  </suite> <!-- Surefire suite -->
</testng-results>
