<?xml version="1.0" encoding="UTF-8"?>
<testng-results skipped="0" failed="0" ignored="0" total="2" passed="2">
  <reporter-output>
  </reporter-output>
  <suite name="Suite" duration-ms="72660" started-at="2022-10-30T05:32:32Z" finished-at="2022-10-30T05:33:44Z">
    <groups>
      <group name="Purchase">
        <method signature="SubmitOrderTest.submitOrder(java.util.HashMap)[pri:0, instance:com.inn.tests.SubmitOrderTest@2b91004a]" name="submitOrder" class="com.inn.tests.SubmitOrderTest"/>
      </group> <!-- Purchase -->
      <group name="ErrorHandling">
        <method signature="ErrorValidationsTest.LoginErrorValidation()[pri:0, instance:com.inn.tests.ErrorValidationsTest@209da20d]" name="LoginErrorValidation" class="com.inn.tests.ErrorValidationsTest"/>
      </group> <!-- ErrorHandling -->
    </groups>
    <test name="Error Validations Test" duration-ms="72660" started-at="2022-10-30T05:32:32Z" finished-at="2022-10-30T05:33:44Z">
      <class name="com.inn.tests.ErrorValidationsTest">
        <test-method status="PASS" signature="launchApplication()[pri:0, instance:com.inn.tests.ErrorValidationsTest@209da20d]" name="launchApplication" is-config="true" duration-ms="43756" started-at="2022-10-30T05:32:32Z" finished-at="2022-10-30T05:33:16Z">
          <reporter-output>
          </reporter-output>
        </test-method> <!-- launchApplication -->
        <test-method status="PASS" signature="LoginErrorValidation()[pri:0, instance:com.inn.tests.ErrorValidationsTest@209da20d]" name="LoginErrorValidation" duration-ms="6841" started-at="2022-10-30T05:33:16Z" finished-at="2022-10-30T05:33:23Z">
          <reporter-output>
          </reporter-output>
        </test-method> <!-- LoginErrorValidation -->
        <test-method status="PASS" signature="tearDown()[pri:0, instance:com.inn.tests.ErrorValidationsTest@209da20d]" name="tearDown" is-config="true" duration-ms="4417" started-at="2022-10-30T05:33:24Z" finished-at="2022-10-30T05:33:29Z">
          <reporter-output>
          </reporter-output>
        </test-method> <!-- tearDown -->
        <test-method status="PASS" signature="launchApplication()[pri:0, instance:com.inn.tests.ErrorValidationsTest@209da20d]" name="launchApplication" is-config="true" duration-ms="12892" started-at="2022-10-30T05:33:29Z" finished-at="2022-10-30T05:33:41Z">
          <reporter-output>
          </reporter-output>
        </test-method> <!-- launchApplication -->
        <test-method status="PASS" signature="ProductErrorValidation()[pri:0, instance:com.inn.tests.ErrorValidationsTest@209da20d]" name="ProductErrorValidation" duration-ms="2804" started-at="2022-10-30T05:33:41Z" finished-at="2022-10-30T05:33:44Z">
          <reporter-output>
          </reporter-output>
        </test-method> <!-- ProductErrorValidation -->
        <test-method status="PASS" signature="tearDown()[pri:0, instance:com.inn.tests.ErrorValidationsTest@209da20d]" name="tearDown" is-config="true" duration-ms="131" started-at="2022-10-30T05:33:44Z" finished-at="2022-10-30T05:33:44Z">
          <reporter-output>
          </reporter-output>
        </test-method> <!-- tearDown -->
      </class> <!-- com.inn.tests.ErrorValidationsTest -->
    </test> <!-- Error Validations Test -->
  </suite> <!-- Suite -->
</testng-results>
