<?xml version="1.0" encoding="UTF-8"?>
<!-- Generated by org.testng.reporters.JUnitXMLReporter -->
<testsuite hostname="DESKTOP-3OSVVE1" ignored="0" name="Error Validations Test" tests="2" failures="0" timestamp="30 Oct 2022 05:33:46 GMT" time="72.66" errors="0">
  <testcase name="LoginErrorValidation" time="6.841" classname="com.inn.tests.ErrorValidationsTest"/>
  <testcase name="ProductErrorValidation" time="2.804" classname="com.inn.tests.ErrorValidationsTest"/>
</testsuite> <!-- Error Validations Test -->
