<?xml version="1.0" encoding="UTF-8"?>
<testng-results skipped="0" failed="0" ignored="3" total="4" passed="1">
  <reporter-output>
  </reporter-output>
  <suite name="Suite" duration-ms="11209" started-at="2022-10-23T04:11:30Z" finished-at="2022-10-23T04:11:41Z">
    <groups>
      <group name="ErrorHandling">
        <method signature="ErrorValidationsTest.LoginErrorValidation()[pri:0, instance:rahulshettyacademy.tests.ErrorValidationsTest@223f3642]" name="LoginErrorValidation" class="rahulshettyacademy.tests.ErrorValidationsTest"/>
      </group> <!-- ErrorHandling -->
    </groups>
    <test name="Submit Order Test" duration-ms="5" started-at="2022-10-23T04:11:30Z" finished-at="2022-10-23T04:11:30Z">
    </test> <!-- Submit Order Test -->
    <test name="Error Validations Test" duration-ms="11209" started-at="2022-10-23T04:11:30Z" finished-at="2022-10-23T04:11:41Z">
      <class name="rahulshettyacademy.tests.ErrorValidationsTest">
        <test-method status="PASS" signature="launchApplication()[pri:0, instance:rahulshettyacademy.tests.ErrorValidationsTest@223f3642]" name="launchApplication" is-config="true" duration-ms="10297" started-at="2022-10-23T04:11:30Z" finished-at="2022-10-23T04:11:40Z">
          <reporter-output>
          </reporter-output>
        </test-method> <!-- launchApplication -->
        <test-method status="PASS" signature="LoginErrorValidation()[pri:0, instance:rahulshettyacademy.tests.ErrorValidationsTest@223f3642]" name="LoginErrorValidation" duration-ms="741" started-at="2022-10-23T04:11:40Z" finished-at="2022-10-23T04:11:41Z">
          <reporter-output>
          </reporter-output>
        </test-method> <!-- LoginErrorValidation -->
        <test-method status="PASS" signature="tearDown()[pri:0, instance:rahulshettyacademy.tests.ErrorValidationsTest@223f3642]" name="tearDown" is-config="true" duration-ms="113" started-at="2022-10-23T04:11:41Z" finished-at="2022-10-23T04:11:41Z">
          <reporter-output>
          </reporter-output>
        </test-method> <!-- tearDown -->
      </class> <!-- rahulshettyacademy.tests.ErrorValidationsTest -->
    </test> <!-- Error Validations Test -->
  </suite> <!-- Suite -->
</testng-results>
