<?xml version="1.0" encoding="UTF-8"?>
<testng-results skipped="0" failed="0" ignored="0" total="1" passed="1">
  <reporter-output>
  </reporter-output>
  <suite name="Default suite" duration-ms="8669" started-at="2022-09-05T14:00:33 IST" finished-at="2022-09-05T14:00:42 IST">
    <groups>
    </groups>
    <test name="Default test" duration-ms="8669" started-at="2022-09-05T14:00:33 IST" finished-at="2022-09-05T14:00:42 IST">
      <class name="maven.part.two.OneTest">
        <test-method status="PASS" signature="testOne()[pri:0, instance:maven.part.two.OneTest@2d8f65a4]" name="testOne" duration-ms="8507" started-at="2022-09-05T14:00:33 IST" finished-at="2022-09-05T14:00:42 IST">
          <reporter-output>
          </reporter-output>
        </test-method> <!-- testOne -->
        <test-method status="PASS" signature="testClosure()[pri:0, instance:maven.part.two.OneTest@2d8f65a4]" name="testClosure" is-config="true" duration-ms="103" started-at="2022-09-05T14:00:42 IST" finished-at="2022-09-05T14:00:42 IST">
          <reporter-output>
          </reporter-output>
        </test-method> <!-- testClosure -->
      </class> <!-- maven.part.two.OneTest -->
    </test> <!-- Default test -->
  </suite> <!-- Default suite -->
</testng-results>
