<?xml version="1.0" encoding="UTF-8"?>
<!-- Generated by org.testng.reporters.JUnitReportReporter -->
<testsuite skipped="0" hostname="DESKTOP-3OSVVE1" name="cucumber.TestNGTestRunner" tests="1" failures="0" timestamp="22 Oct 2022 06:12:24 GMT" time="0.524" errors="1">
  <testcase name="runScenario" time="0.524" classname="cucumber.TestNGTestRunner">
    <error type="java.lang.IllegalStateException" message="The driver executable must exist: C:\Users\rahulshetty\documents\geckodriver">
      <![CDATA[java.lang.IllegalStateException: The driver executable must exist: C:\Users\rahulshetty\documents\geckodriver
at org.openqa.selenium.internal.Require$FileStateChecker.isFile(Require.java:342)
at org.openqa.selenium.remote.service.DriverService.checkExecutable(DriverService.java:147)
at org.openqa.selenium.remote.service.DriverService.findExecutable(DriverService.java:142)
at org.openqa.selenium.firefox.GeckoDriverService.access$100(GeckoDriverService.java:45)
at org.openqa.selenium.firefox.GeckoDriverService$Builder.findDefaultExecutable(GeckoDriverService.java:181)
at org.openqa.selenium.remote.service.DriverService$Builder.build(DriverService.java:437)
at org.openqa.selenium.firefox.GeckoDriverService.createDefaultService(GeckoDriverService.java:94)
at org.openqa.selenium.firefox.FirefoxDriver.<init>(FirefoxDriver.java:98)
at org.openqa.selenium.firefox.FirefoxDriver.<init>(FirefoxDriver.java:94)
at rahulshettyacademy.TestComponents.BaseTest.initializeDriver(BaseTest.java:63)
at rahulshettyacademy.TestComponents.BaseTest.launchApplication(BaseTest.java:109)
at rahulshettyacademy.stepDefinitions.StepDefinitionImpl.I_landed_on_Ecommerce_Page(StepDefinitionImpl.java:27)
at ✽.I landed on Ecommerce Page(file:///C:/Users/INDIAN/Documents/Rahul%20Shetty%20Selenium/SeleniumFrameworkDesign/SeleniumFrameworkDesign/src/test/java/cucumber/SubmitOrder.feature:7)
]]>
    </error>
  </testcase> <!-- runScenario -->
</testsuite> <!-- cucumber.TestNGTestRunner -->
