<?xml version="1.0" encoding="UTF-8"?>
<!-- Generated by org.testng.reporters.JUnitXMLReporter -->
<testsuite hostname="DESKTOP-3OSVVE1" ignored="1" name="Error Validations Test" tests="1" failures="0" timestamp="23 Oct 2022 04:11:41 GMT" time="11.209" errors="0">
  <testcase name="LoginErrorValidation" time="0.741" classname="rahulshettyacademy.tests.ErrorValidationsTest"/>
  <testcase name="ProductErrorValidation" time="0.0" classname="rahulshettyacademy.tests.ErrorValidationsTest">
    <ignored/>
  </testcase> <!-- ProductErrorValidation -->
</testsuite> <!-- Error Validations Test -->
