<?xml version="1.0" encoding="UTF-8"?>
<!-- Generated by org.testng.reporters.JUnitXMLReporter -->
<testsuite hostname="DESKTOP-3OSVVE1" ignored="2" tests="0" failures="0" timestamp="23 Oct 2022 04:11:30 GMT" time="0.005" errors="0">
  <testcase name="OrderHistoryTest" time="0.0" classname="rahulshettyacademy.tests.SubmitOrderTest">
    <ignored/>
  </testcase> <!-- OrderHistoryTest -->
  <testcase name="submitOrder" time="0.0" classname="rahulshettyacademy.tests.SubmitOrderTest">
    <ignored/>
  </testcase> <!-- submitOrder -->
</testsuite>
